generation,min_loss,min_loss_val,med_loss,med_size,med_complexity,med_num_params,med_dim
0,392.51,435.824,3643.7,17,43,8,6
1,374.556,392.92,766.707,16,36,8,7
2,324.917,282.617,456.686,16,37,9,7
3,324.162,288.729,432.502,16,35,8,7
4,324.162,288.729,406.799,16,35,9,7
5,308.617,221.687,395.762,15,34,8,7
6,304.699,252.734,385.248,15,32,8,7
7,291.918,279.987,373.901,15,32,8,7
8,289.658,316.191,370.121,14,31,8,7
9,285.483,282.595,365.346,14,30,7,7
10,285.483,282.595,363.132,14,29,7,7
11,276.299,308.263,358.794,14,29,7,7
12,268.226,309.23,358.625,13,29,7,7
13,268.032,309.237,346.374,13,27,7,6
14,251.583,297.597,341.294,12,26,7,6
15,251.464,368.905,335.465,11,21,5,5
16,249.863,297.636,339.628,11,21,5,6
17,247.817,323.147,335.785,11,22,6,6
18,239.221,346.04,329.701,11,21,5,6
19,237.187,306.92,329.341,10,20,5,6
20,235.616,335.215,331.701,10,20,5,6
21,233.082,305.421,332.323,10,20,4,6
22,227.114,306.258,330.51,9,18,4,5
23,226.493,305.21,332.323,8,16,3,5
24,226.243,304.764,328.629,8,16,3,5
25,219.387,276.371,326.234,8,15,3,4
26,217.038,301.574,330.065,7,14,3,4
27,216.27,301.662,326.257,7,16,3,4
28,207.802,257.366,320.729,6,13,3,4
29,207.693,257.312,325.439,5,10,2,4
30,207.624,257.284,320.73,5,9,2,4
31,207.483,267.047,320.729,4,7,1,3
32,204.759,264.646,320.729,4,7,1,3
33,203.724,263.57,320.729,4,7,1,4
34,203.266,263.002,321.93,4,6,1,3
35,203.047,262.671,328.213,4,6,1,3
36,202.939,262.465,353.358,4,6,1,3
37,202.939,262.465,344.825,4,5,1,3
38,202.885,262.332,347.312,4,4,0,3
39,202.858,262.241,330.43,4,4,0,3
40,202.858,262.241,342.452,3,3,0,3
41,202.072,259.575,350.026,4,4,0,3
42,202.043,259.482,328.364,4,6,1,3
43,202.027,259.416,347.038,4,4,0,3
44,202.013,259.286,328.533,4,6,1,3
45,202.013,259.286,311.512,4,6,1,3
46,202.013,259.286,319.34,4,6,1,3
47,202.013,259.286,316.761,4,6,1,3
48,202.013,259.286,319.34,4,6,1,3
49,202.013,259.286,340.112,4,6,1,3
50,202.013,259.286,319.17,4,6,1,4
51,201.409,232.827,315.525,4,6,1,3
52,201.409,232.827,330.019,5,9,1,4
53,201.409,232.827,307.616,4,8,1,4
54,199.896,237.3,310.263,4,8,1,4
55,199.896,237.3,325.566,9,20,4,5
56,199.896,237.296,307.978,5,11,2,4
57,199.896,237.296,328.464,4,8,1,4
58,198.306,227.521,323.624,4,8,1,4
59,198.306,227.521,307.97,5,13,2,4
60,198.306,227.521,317.733,9,20,4,5
61,198.306,227.521,291.323,11,21,5,6
62,198.306,227.521,286.757,11,21,5,6
63,198.306,227.521,286.757,12,22,5,7
64,198.306,227.521,287.222,12,22,5,7
65,198.306,227.521,286.757,12,22,5,7
66,198.306,227.521,284.356,11,21,5,6
67,198.306,227.521,286.757,11,21,5,6
68,198.306,227.521,286.757,11,21,5,6
69,198.306,227.521,286.757,12,22,5,7
70,198.306,227.521,286.757,12,22,5,7
71,198.306,227.521,286.757,13,23,5,7
72,198.306,227.521,286.757,12,22,5,7
73,198.306,227.521,286.686,11,21,5,6
74,198.306,227.521,286.757,11,21,5,6
75,198.306,227.521,286.757,11,21,5,7
76,198.306,227.521,283.365,13,23,5,7
77,198.306,227.521,286.615,12,22,5,7
78,198.306,227.521,286.757,13,23,5,8
79,198.306,227.521,286.615,12,22,5,7
80,198.306,227.521,278.731,12,22,5,7
81,198.306,227.521,286.757,12,22,5,8
82,198.306,227.521,283.095,12,22,5,7
83,198.306,227.521,281.453,13,23,5,8
84,198.306,227.521,268.648,13,23,5,8
85,198.306,227.521,284.553,13,23,5,8
86,198.306,227.521,286.757,12,22,5,7
87,198.306,227.521,303.905,11,21,5,6
88,198.306,227.521,287.187,11,21,5,6
89,198.306,227.521,307.802,11,21,5,6
90,198.306,227.521,286.757,11,21,5,7
91,198.306,227.521,287.179,13,23,5,7
92,198.306,227.521,286.757,13,23,5,7
93,196.99,232.877,286.686,12,22,5,7
94,196.74,232.349,286.757,12,22,5,7
95,196.74,232.349,286.616,14,25,6,8
96,196.74,232.349,272.488,14,24,6,8
97,196.74,232.349,266.972,13,23,5,8
98,196.74,232.349,278.241,13,23,5,8
99,196.74,232.349,286.056,13,23,5,8
100,196.74,232.349,266.972,13,23,5,8
101,196.74,232.349,279.827,13,23,5,8
102,196.74,232.349,266.972,13,23,5,8
103,196.74,232.349,276.679,13,23,5,8
104,196.74,232.349,266.972,13,23,5,8
105,196.74,232.349,276.884,13,23,5,8
106,196.74,232.349,272.488,13,23,5,8
107,196.74,232.349,277.528,14,24,6,8
108,196.74,232.349,277.624,13,23,5,7
109,196.74,232.349,268.341,14,24,6,8
110,196.74,232.349,276.191,13,23,5,8
111,196.74,232.349,272.085,13,23,5,8
112,196.74,232.349,286.33,13,23,5,7
113,196.74,232.349,286.613,14,24,6,8
114,196.74,232.349,266.972,13,23,5,8
115,196.74,232.349,279.131,13,23,5,8
116,196.74,232.349,266.972,13,24,6,8
117,196.74,232.349,266.972,13,23,5,8
118,196.74,232.349,276.679,13,24,6,8
119,196.74,232.349,269.509,13,24,6,8
120,196.74,232.349,269.931,14,24,6,8
121,196.74,232.349,274.044,14,24,6,8
122,196.74,232.349,266.972,11,21,5,6
123,196.74,232.349,305.414,12,22,5,7
124,196.74,232.349,286.757,9,20,4,5
125,196.74,232.349,291.134,11,21,5,6
126,196.74,232.349,286.763,12,22,5,7
127,196.74,232.349,281.139,13,23,5,7
128,196.74,232.349,275.832,13,23,5,8
129,196.74,232.349,275.599,13,23,5,7
130,196.74,232.349,279.823,12,22,5,7
131,196.74,232.349,281.139,12,22,5,7
132,196.74,232.349,286.757,12,22,5,7
133,196.74,232.349,286.757,12,22,5,7
134,196.74,232.349,275.99,12,22,5,7
135,196.74,232.349,276.473,12,22,5,7
136,196.74,232.349,280.911,12,22,5,7
137,196.74,232.349,283.751,12,22,5,7
138,196.74,232.349,271.245,12,22,5,7
139,196.74,232.349,280.691,12,22,5,7
140,196.74,232.349,280.479,12,22,5,7
141,196.74,232.349,283.561,12,22,5,7
142,196.74,232.349,286.757,12,22,5,7
143,196.74,232.349,275.272,13,23,5,7
144,196.74,232.349,283.516,12,22,5,7
145,196.74,232.349,281.137,13,23,5,7
146,196.74,232.349,276.884,13,23,5,7
147,196.74,232.349,266.972,13,23,5,7
148,196.74,232.349,282.94,12,22,5,7
149,196.74,232.349,275.327,12,22,5,7
150,196.74,232.349,272.043,12,22,5,7
151,196.74,232.349,271.129,13,23,5,7
152,196.74,232.349,271.245,13,23,5,7
153,196.74,232.349,267.04,13,23,5,8
154,196.74,232.349,266.972,13,23,5,8
155,196.74,232.349,266.972,14,24,6,8
156,196.74,232.349,266.972,14,24,6,8
157,196.74,232.349,271.245,13,23,5,7
158,196.74,232.349,267.856,13,24,6,8
159,196.74,232.349,266.972,13,23,5,8
160,196.74,232.349,281.281,13,23,5,8
161,196.74,232.349,270.482,13,23,5,8
162,196.74,232.349,266.972,13,23,5,8
163,196.74,232.349,266.972,13,24,6,8
164,196.74,232.349,271.245,14,24,6,8
165,196.74,232.349,273.625,13,23,5,8
166,196.74,232.349,272.133,13,23,5,8
167,196.74,232.349,280.02,13,24,6,8
168,196.74,232.349,266.972,13,23,5,8
169,196.74,232.349,266.972,13,24,6,8
170,196.74,232.349,266.972,13,23,5,8
171,196.74,232.349,269.109,14,24,6,8
172,196.74,232.349,281.133,13,24,6,8
173,196.74,232.349,266.972,13,23,5,8
174,196.74,232.349,266.972,13,23,5,8
175,196.74,232.349,266.972,13,23,5,8
176,196.74,232.349,266.972,13,24,6,8
177,196.74,232.349,266.972,13,23,5,7
178,196.74,232.349,266.972,12,22,5,7
179,196.74,232.349,266.972,13,23,5,8
180,196.74,232.349,266.972,13,23,5,8
181,196.74,232.349,274.323,14,24,6,8
182,196.74,232.349,266.972,14,26,7,8
183,196.74,232.349,266.972,14,28,7,8
184,196.74,232.349,266.972,14,24,6,8
185,196.74,232.349,266.972,14,24,6,8
186,196.74,232.349,266.972,13,23,5,8
187,196.74,232.349,266.972,14,24,6,8
188,196.74,232.349,271.775,13,24,6,8
189,196.74,232.349,266.972,14,24,6,8
190,196.74,232.349,266.972,11,21,5,7
191,196.733,232.274,286.757,11,21,5,6
192,196.733,232.274,281.139,11,21,5,7
193,196.733,232.274,286.757,12,22,5,7
194,196.733,232.274,277.904,13,23,5,7
195,196.733,232.274,266.972,13,23,5,7
196,196.733,232.274,271.245,13,23,5,8
197,196.733,232.274,270.894,13,23,5,8
198,196.733,232.274,266.972,13,23,5,8
199,196.733,232.274,266.972,13,23,5,8
generation,min_loss,min_loss_val,med_loss,med_size,med_complexity,med_num_params,med_dim
0,379.027,445.208,1731.62,16,40,8,7
1,330.022,307.748,528.165,16,38,9,7
2,252.953,321.553,455.404,17,41,9,8
3,248.596,328.074,416.302,18,42,11,8
4,234.671,316.83,405.9,22,84,13,8
5,234.36,300.068,383.161,28,105,20,8
6,226.884,306.555,338.411,26,93,18,8
7,210.234,256.639,333.958,22,53,14,8
8,209.983,257.586,308.518,21,52,13,8
9,209.983,257.586,308.735,20,43,13,7
10,197.033,225.91,325.959,19,40,12,7
11,196.978,227.509,329.233,18,37,11,7
12,193.63,215.197,331.609,18,36,11,7
13,193.62,215.187,330.674,18,37,11,7
14,193.55,213.859,321.467,16,36,11,6
15,193.545,213.856,318.723,16,34,10,6
16,193.545,213.856,328.177,16,30,10,6
17,193.541,213.852,330.702,14,28,9,6
18,193.541,213.852,327.292,14,28,8,6
19,193.541,213.852,323.385,14,28,8,6
20,193.537,213.848,320.543,13,24,8,5
21,193.536,209.726,324.352,13,24,7,5
22,193.536,209.726,321.956,11,21,6,5
23,193.527,209.718,327.019,12,22,6,5
24,191.821,221.007,317.016,12,21,6,5
25,191.821,221.007,314.201,12,22,6,5
26,191.821,221.007,314.201,10,19,5,5
27,191.821,221.007,302.165,10,20,5,5
28,191.695,250.824,296.974,8,17,4,4
29,191.695,250.824,313.725,7,16,3,4
30,191.695,250.824,315.766,7,16,3,4
31,190.786,247.359,315.099,6,13,3,4
32,190.786,247.359,315.766,5,11,2,4
33,189.488,234.48,316.774,6,12,2,4
34,189.488,234.48,316.785,6,14,2,4
35,185.706,233.042,288.622,12,23,5,5
36,185.706,233.042,270.809,13,31,8,6
37,185.706,233.042,275.725,14,35,8,6
38,175.268,222.351,248.26,13,34,8,6
39,175.268,222.351,258.818,13,33,8,6
40,175.268,222.351,266.604,13,34,8,6
41,175.268,222.351,275.725,13,31,7,6
42,175.268,222.351,275.725,12,30,7,5
43,175.268,222.351,258.818,12,28,6,5
44,175.268,222.351,289.194,12,28,6,5
45,175.268,222.351,275.725,12,29,7,6
46,175.268,222.351,291.455,12,29,7,5
47,175.268,222.351,275.725,12,27,6,5
48,175.268,222.351,291.455,11,21,3,5
49,175.268,222.351,301.91,12,29,7,5
50,175.268,222.351,275.725,12,29,7,5
51,175.268,222.351,291.455,12,29,7,5
52,175.268,222.351,291.455,12,29,7,6
53,175.268,222.351,291.455,12,29,7,6
54,175.268,222.351,291.455,12,29,7,6
55,175.268,222.351,291.455,12,27,6,5
56,175.268,222.351,291.455,9,19,3,6
57,175.268,222.351,291.452,9,19,3,5
58,175.268,222.351,290.96,9,19,3,5
59,175.268,222.351,290.465,9,19,3,6
60,175.268,222.351,290.465,11,24,5,6
61,175.268,222.351,267.181,12,32,7,6
62,171.287,236.296,267.181,13,33,8,6
63,171.287,236.296,267.181,12,31,7,6
64,171.287,236.296,267.181,13,33,8,6
65,171.287,236.296,267.181,13,33,8,6
66,171.287,236.296,254.684,13,34,8,6
67,171.287,236.296,243.484,13,34,8,6
68,171.21,234.859,254.684,14,35,8,6
69,171.21,234.859,254.684,14,36,8,6
70,171.21,234.859,254.684,14,34,8,6
71,171.21,234.859,248.602,13,34,8,6
72,171.21,234.859,239.336,14,35,8,6
73,171.21,234.859,244.694,14,35,8,6
74,171.21,234.859,228.797,14,35,8,6
75,171.21,234.859,252.736,14,35,8,6
76,171.21,234.859,254.684,14,35,8,6
77,171.21,234.859,241.252,13,34,8,6
78,171.21,234.859,254.684,13,34,8,6
79,171.21,234.859,254.684,14,35,8,6
80,171.21,234.859,241.746,14,35,8,6
81,171.21,234.859,249.311,14,35,8,6
82,171.155,236.14,248.847,14,35,8,6
83,171.155,236.14,249.311,14,34,8,6
84,171.155,236.14,228.797,14,35,8,6
85,171.155,236.14,238.993,14,35,8,6
86,171.155,236.14,228.797,14,36,8,6
87,166.116,211.98,254.684,14,35,8,6
88,165.012,206.177,249.311,14,35,8,6
89,165.012,206.177,228.797,14,36,8,6
90,165.012,206.177,228.797,15,36,8,7
91,160.617,209.108,228.797,15,37,9,7
92,160.617,209.108,228.797,15,38,9,7
93,160.617,209.108,215.14,15,37,9,7
94,160.617,209.108,228.797,14,37,9,6
95,160.617,209.108,228.797,14,36,8,6
96,160.617,209.108,236.445,14,36,8,6
97,160.617,209.108,228.797,14,36,8,6
98,160.617,209.108,228.797,15,37,9,6
99,160.617,209.108,215.14,15,37,9,6
100,160.617,209.108,215.14,15,37,9,6
101,160.617,209.108,231.449,14,36,8,6
102,160.617,209.108,228.797,14,36,8,6
103,160.617,209.108,224.886,15,37,9,7
104,160.617,209.108,228.797,15,38,9,7
105,160.617,209.108,228.797,15,38,9,7
106,160.617,209.108,215.14,15,38,9,7
107,160.617,209.108,228.797,15,38,9,7
108,160.617,209.108,215.14,15,38,9,7
109,160.617,209.108,215.14,15,38,9,7
110,160.617,209.108,215.14,16,39,9,7
111,160.617,209.108,215.14,16,39,9,7
112,160.617,209.108,215.14,15,38,9,7
113,160.617,209.108,241.802,15,37,9,7
114,160.617,209.108,228.797,15,36,8,7
115,160.617,209.108,226.108,15,36,8,7
116,160.617,209.108,228.797,15,36,8,6
117,160.617,209.108,228.797,15,37,9,7
118,160.617,209.108,215.14,15,38,9,7
119,160.617,209.108,228.797,16,39,9,7
120,160.617,209.108,215.14,16,39,9,7
121,160.617,209.108,214.853,16,39,9,7
122,160.617,209.108,214.853,16,39,9,7
123,160.617,209.108,215.14,16,38,9,7
124,160.617,209.108,247.551,16,39,9,7
125,160.617,209.108,228.797,16,39,9,7
126,160.196,230.157,215.14,16,39,9,7
127,159.334,227.346,214.853,16,39,9,7
128,159.334,227.346,215.14,16,39,9,7
129,159.334,227.346,215.14,15,36,8,7
130,159.334,227.346,236.588,15,36,8,7
131,159.334,227.346,223.922,16,39,9,7
132,159.334,227.346,223.852,16,39,9,7
133,159.334,227.346,228.797,16,39,9,7
134,159.334,227.346,215.14,16,39,9,7
135,159.334,227.346,214.853,16,39,9,7
136,159.334,227.346,214.853,16,39,9,7
137,159.334,227.346,214.853,16,39,9,7
138,159.334,227.346,215.14,16,39,9,7
139,159.334,227.346,228.797,16,39,9,7
140,159.334,227.346,228.797,16,39,9,7
141,159.334,227.346,214.997,16,39,9,7
142,159.334,227.346,214.853,16,39,9,7
143,159.334,227.346,215.14,16,39,9,7
144,159.334,227.346,214.853,19,48,11,7
145,159.334,227.346,228.797,16,39,9,7
146,159.334,227.346,214.853,16,39,9,7
147,159.334,227.346,215.14,16,39,9,7
148,159.334,227.346,215.14,16,39,9,7
149,159.334,227.346,223.282,16,39,9,7
150,159.334,227.346,224.45,16,39,9,7
151,159.334,227.346,223.922,16,39,9,7
152,159.334,227.346,215.14,16,39,9,7
153,159.334,227.346,215.14,19,52,12,7
154,159.334,227.346,214.853,19,52,12,7
155,159.334,227.346,215.14,19,52,12,7
156,159.334,227.346,214.853,19,48,11,7
157,159.334,227.346,214.853,18,44,10,7
158,159.334,227.346,213.463,16,39,9,7
159,159.334,227.346,227.876,15,36,8,7
160,159.334,227.346,228.794,16,39,9,7
161,159.334,227.346,228.794,16,39,9,7
162,159.334,227.346,215.14,16,39,9,7
163,159.334,227.346,218.943,17,42,10,7
164,159.334,227.346,215.14,19,52,12,7
165,159.334,227.346,215.14,19,45,11,7
166,159.334,227.346,228.792,16,39,9,7
167,159.334,227.346,215.14,16,39,9,7
168,159.334,227.346,228.797,16,39,9,7
169,159.334,227.346,215.14,16,39,9,7
170,159.334,227.346,217.345,19,52,12,7
171,159.334,227.346,215.765,16,39,9,7
172,159.334,227.346,228.794,16,39,9,7
173,159.334,227.346,215.14,17,42,10,7
174,159.334,227.346,214.853,19,52,12,7
175,159.334,227.346,215.14,17,42,10,7
176,159.334,227.346,214.853,19,48,11,7
177,159.334,227.346,215.14,19,45,11,7
178,159.334,227.346,214.853,19,52,12,7
179,159.334,227.346,214.853,19,52,12,7
180,159.334,227.346,215.14,16,39,9,7
181,159.334,227.346,216.883,16,39,9,7
182,159.334,227.346,215.14,16,39,9,7
183,159.334,227.346,219.353,19,52,12,7
184,159.334,227.346,215.14,19,52,12,7
185,159.334,227.346,228.794,19,52,12,7
186,159.334,227.346,215.14,17,42,10,7
187,159.334,227.346,227.707,19,52,12,7
188,159.334,227.346,214.853,19,52,12,7
189,159.334,227.346,224.45,19,52,12,7
190,159.334,227.346,223.922,16,39,9,7
191,159.334,227.346,215.14,19,52,12,7
192,159.334,227.346,223.005,19,52,12,7
193,159.334,227.346,214.853,19,52,12,7
194,159.334,227.346,215.14,19,52,12,7
195,159.334,227.346,214.853,19,52,12,7
196,159.334,227.346,214.853,19,52,12,7
197,159.334,227.346,214.853,19,52,12,7
198,159.334,227.346,214.853,19,52,12,7
199,159.334,227.346,214.853,19,52,12,7
generation,min_loss,min_loss_val,med_loss,med_size,med_complexity,med_num_params,med_dim
0,390.731,403.224,1458.76,17,44,9,6
1,350.716,413.082,686.293,16,42,9,7
2,345.862,425.871,483.27,16,41,9,7
3,306.105,434.651,454.495,16,40,9,7
4,306.105,434.651,422.822,15,36,9,7
5,302.125,426.676,406.443,15,34,8,7
6,287.665,757.983,400.939,13,30,7,6
7,263.416,285.902,385.455,12,29,7,6
8,238.248,265.329,386.616,13,28,7,6
9,222.353,242.211,364.904,12,29,7,6
10,222.353,242.211,341.301,14,30,8,6
11,222.341,242.214,315.928,14,31,8,6
12,222.341,242.214,325.642,14,29,8,6
13,222.341,242.214,316.534,13,29,8,6
14,222.341,242.214,318.865,14,28,8,6
15,222.341,242.214,316.941,14,30,8,6
16,222.341,242.214,316.941,14,30,8,6
17,222.341,242.214,305.254,14,30,8,6
18,222.341,242.214,293.112,14,30,8,6
19,222.105,285.675,292.686,13,26,7,6
20,219.757,219.956,300.233,12,25,7,5
21,205.548,218.816,296.732,12,25,7,6
22,205.474,217.447,282.381,13,27,8,6
23,205.474,217.447,270.581,12,24,7,5
24,205.474,217.447,291.878,12,24,7,5
25,205.474,217.447,270.729,12,25,7,5
26,205.474,217.447,270.755,12,24,7,5
27,205.474,217.447,270.806,11,23,6,5
28,205.474,217.447,281.018,12,25,7,5
29,205.474,217.447,264.781,12,25,7,5
30,205.474,217.447,269.593,12,25,7,5
31,205.474,217.447,267.868,11,23,6,5
32,205.474,217.447,271.631,11,24,6,5
33,203.459,239.006,272.022,11,24,6,5
34,198.058,227.777,270.747,10,23,5,5
35,198.013,227.801,270.747,11,24,5,5
36,193.775,255.309,260.504,11,23,5,5
37,193.775,255.309,260.504,11,24,5,5
38,193.775,255.309,270.806,11,24,5,5
39,193.775,255.309,260.504,10,23,5,5
40,193.775,255.309,260.504,10,20,5,5
41,192.857,251.164,271.475,8,20,4,5
42,192.857,251.164,283.602,8,19,4,4
43,192.857,251.164,278.551,10,21,5,5
44,192.857,251.164,283.602,10,21,5,5
45,190.207,249.726,270.806,9,20,4,5
46,190.158,249.729,272.781,8,20,4,5
47,190.141,249.731,270.806,9,20,4,5
48,190.141,249.731,270.806,8,20,4,5
49,190.141,249.731,265.672,10,22,5,5
50,185.021,214.984,264.23,8,20,4,5
51,184.44,221.233,276.324,8,17,3,5
52,181.82,219.003,283.602,8,17,3,5
53,181.819,218.994,287.369,8,15,3,5
54,181.819,218.994,320.458,8,16,3,5
55,181.819,218.994,320.458,8,16,3,5
56,181.819,218.994,320.458,7,15,3,5
57,181.819,218.994,337.892,7,15,3,5
58,181.819,218.994,337.892,8,15,3,5
59,181.819,218.994,320.458,8,19,4,5
60,181.819,218.994,267.145,11,25,5,6
61,181.819,218.994,267.105,11,25,5,6
62,181.819,218.994,262.658,13,28,6,7
63,181.819,218.994,259.155,12,26,5,7
64,181.819,218.994,265.282,10,24,5,6
65,181.819,218.994,314.405,8,15,3,5
66,181.819,218.994,272.632,8,17,3,5
67,181.819,218.994,282.672,9,21,4,6
68,181.819,218.994,263.489,10,24,5,6
69,181.819,218.994,260.235,9,20,4,6
70,181.819,218.994,258.309,10,21,4,6
71,181.403,215.981,262.746,11,25,5,7
72,181.403,215.981,260.084,9,17,3,6
73,181.403,215.981,279.796,9,19,4,6
74,181.403,215.981,268.213,9,21,4,6
75,181.403,215.981,264.302,9,20,4,5
76,181.403,215.981,268.213,10,21,4,6
77,181.403,215.981,263.566,10,24,5,6
78,181.403,215.981,265.154,10,22,4,6
79,181.403,215.981,259.5,11,25,5,7
80,181.403,215.981,260.428,10,24,5,7
81,181.403,215.981,262.746,11,25,5,7
82,181.403,215.981,259.51,12,26,5,7
83,181.403,215.981,254.64,12,26,5,7
84,181.403,215.981,260.682,12,26,5,7
85,181.403,215.981,252.047,12,26,5,7
86,181.403,215.981,252.047,12,26,5,7
87,181.403,215.981,252.047,12,26,5,7
88,181.403,215.981,254.576,13,28,6,7
89,181.403,215.981,252.047,13,28,6,7
90,181.403,215.981,251.523,12,26,5,7
91,181.403,215.981,252.047,12,26,5,7
92,181.403,215.981,255.362,11,25,5,7
93,181.403,215.981,252.72,11,25,5,6
94,181.403,215.981,262.746,11,25,5,6
95,181.403,215.981,252.047,12,26,5,7
96,181.403,215.981,251.948,11,25,5,7
97,181.346,225.653,252.047,11,25,5,7
98,181.346,225.653,252.047,12,26,5,7
99,181.346,225.653,252.047,12,26,5,7
